<?xml version="1.0" encoding="UTF-8"?>
<!-- Generated by org.testng.reporters.JUnitReportReporter -->
<testsuite hostname="UKLONDLP64" failures="0" tests="1" name="testcases.NewTest" time="50.723" errors="0" timestamp="12 Sep 2018 13:07:59 GMT" skipped="0">
  <testcase classname="testcases.NewTest" name="f" time="50.723"/>
</testsuite> <!-- testcases.NewTest -->
